#
# There is insufficient memory for the Java Runtime Environment to continue.
# Native memory allocation (malloc) failed to allocate 1048576 bytes. Error detail: AllocateHeap
# Possible reasons:
#   The system is out of physical RAM or swap space
#   This process is running with CompressedOops enabled, and the Java Heap may be blocking the growth of the native heap
# Possible solutions:
#   Reduce memory load on the system
#   Increase physical memory or swap space
#   Check if swap backing store is full
#   Decrease Java heap size (-Xmx/-Xms)
#   Decrease number of Java threads
#   Decrease Java thread stack sizes (-Xss)
#   Set larger code cache with -XX:ReservedCodeCacheSize=
#   JVM is running with Unscaled Compressed Oops mode in which the Java heap is
#     placed in the first 4GB address space. The Java Heap base address is the
#     maximum limit for the native heap growth. Please use -XX:HeapBaseMinAddress
#     to set the Java Heap base and to place the Java Heap above 4GB virtual address.
# This output file may be truncated or incomplete.
#
#  Out of Memory Error (allocation.cpp:44), pid=3260, tid=9608
#
# JRE version:  (17.0.13+11) (build )
# Java VM: OpenJDK 64-Bit Server VM (17.0.13+11, mixed mode, sharing, tiered, compressed oops, compressed class ptrs, g1 gc, windows-amd64)
# No core dump will be written. Minidumps are not enabled by default on client versions of Windows
#

---------------  S U M M A R Y ------------

Command Line: -Dnet.bytebuddy.agent.attacher.dump= net.bytebuddy.agent.Attacher com.sun.tools.attach.VirtualMachine 21740 C:\Users\hydrl\.gradle\caches\modules-2\files-2.1\net.bytebuddy\byte-buddy-agent\1.15.11\a38b16385e867f59a641330f0362ebe742788ed8\byte-buddy-agent-1.15.11.jar false 

Host: 13th Gen Intel(R) Core(TM) i5-1340P, 16 cores, 7G,  Windows 11 , 64 bit Build 22621 (10.0.22621.4391)
Time: Sat Feb  8 17:59:04 2025  Windows 11 , 64 bit Build 22621 (10.0.22621.4391) elapsed time: 0.007043 seconds (0d 0h 0m 0s)

---------------  T H R E A D  ---------------

Current thread (0x000001465cee6d50):  JavaThread "Unknown thread" [_thread_in_vm, id=9608, stack(0x000000194f500000,0x000000194f600000)]

Stack: [0x000000194f500000,0x000000194f600000]
Native frames: (J=compiled Java code, j=interpreted, Vv=VM code, C=native code)
V  [jvm.dll+0x682a19]
V  [jvm.dll+0x839538]
V  [jvm.dll+0x83afe3]
V  [jvm.dll+0x83b653]
V  [jvm.dll+0x24704f]
V  [jvm.dll+0xa7543]
V  [jvm.dll+0x2e5222]
V  [jvm.dll+0x2dcd4b]
V  [jvm.dll+0x80b44b]
V  [jvm.dll+0x36b491]
V  [jvm.dll+0x7e9e3f]
V  [jvm.dll+0x3f1d7f]
V  [jvm.dll+0x3f38b1]
C  [jli.dll+0x5278]
C  [ucrtbase.dll+0x29333]
C  [KERNEL32.DLL+0x1259d]
C  [ntdll.dll+0x5af38]


---------------  P R O C E S S  ---------------

Threads class SMR info:
_java_thread_list=0x00007ff8a29f7f58, length=0, elements={
}

Java Threads: ( => current thread )

Other Threads:
  0x000001465cf401f0 GCTaskThread "GC Thread#0" [stack: 0x000000194f600000,0x000000194f700000] [id=4324]

[error occurred during error reporting (printing all threads), id 0xc0000005, EXCEPTION_ACCESS_VIOLATION (0xc0000005) at pc=0x00007ff8a21a9f00]

VM state: not at safepoint (not fully initialized)

VM Mutex/Monitor currently owned by a thread:  ([mutex/lock_event])
[0x000001465cee2be0] Heap_lock - owner thread: 0x000001465cee6d50

Heap address: 0x0000000086e00000, size: 1938 MB, Compressed Oops mode: 32-bit

CDS archive(s) mapped at: [0x0000000000000000-0x0000000000000000-0x0000000000000000), size 0, SharedBaseAddress: 0x0000000800000000, ArchiveRelocationMode: 1.
Narrow klass base: 0x0000000000000000, Narrow klass shift: 0, Narrow klass range: 0x0

GC Precious Log:
<Empty>

Heap:
 garbage-first heap   total 0K, used 0K [0x0000000086e00000, 0x0000000100000000)
  region size 1024K, 0 young (0K), 0 survivors (0K)

[error occurred during error reporting (printing heap information), id 0xc0000005, EXCEPTION_ACCESS_VIOLATION (0xc0000005) at pc=0x00007ff8a259c179]

GC Heap History (0 events):
No events

Dll operation events (1 events):
Event: 0.005 Loaded shared library C:\Users\hydrl\.jdks\temurin-17.0.13\bin\java.dll

Deoptimization events (0 events):
No events

Classes loaded (0 events):
No events

Classes unloaded (0 events):
No events

Classes redefined (0 events):
No events

Internal exceptions (0 events):
No events

VM Operations (0 events):
No events

Memory protections (0 events):
No events

Nmethod flushes (0 events):
No events

Events (0 events):
No events


Dynamic libraries:
0x00007ff7a67b0000 - 0x00007ff7a67be000 	C:\Users\hydrl\.jdks\temurin-17.0.13\bin\java.exe
0x00007ff98ed90000 - 0x00007ff98efa7000 	C:\Windows\SYSTEM32\ntdll.dll
0x00007ff98d4c0000 - 0x00007ff98d584000 	C:\Windows\System32\KERNEL32.DLL
0x00007ff98c400000 - 0x00007ff98c7ba000 	C:\Windows\System32\KERNELBASE.dll
0x00007ff98c100000 - 0x00007ff98c211000 	C:\Windows\System32\ucrtbase.dll
0x00007ff9866d0000 - 0x00007ff9866ee000 	C:\Users\hydrl\.jdks\temurin-17.0.13\bin\VCRUNTIME140.dll
0x00007ff9866f0000 - 0x00007ff986707000 	C:\Users\hydrl\.jdks\temurin-17.0.13\bin\jli.dll
0x00007ff98d310000 - 0x00007ff98d4be000 	C:\Windows\System32\USER32.dll
0x00007ff98ca50000 - 0x00007ff98ca76000 	C:\Windows\System32\win32u.dll
0x00007ff98d5e0000 - 0x00007ff98d609000 	C:\Windows\System32\GDI32.dll
0x00007ff98c2e0000 - 0x00007ff98c3fb000 	C:\Windows\System32\gdi32full.dll
0x00007ff981240000 - 0x00007ff9814d2000 	C:\Windows\WinSxS\amd64_microsoft.windows.common-controls_6595b64144ccf1df_6.0.22621.4541_none_2710d1c57384c085\COMCTL32.dll
0x00007ff98c9b0000 - 0x00007ff98ca4a000 	C:\Windows\System32\msvcp_win.dll
0x00007ff98d090000 - 0x00007ff98d137000 	C:\Windows\System32\msvcrt.dll
0x00007ff98d5a0000 - 0x00007ff98d5d1000 	C:\Windows\System32\IMM32.DLL
0x00007ff984590000 - 0x00007ff98459c000 	C:\Users\hydrl\.jdks\temurin-17.0.13\bin\vcruntime140_1.dll
0x00007ff965ea0000 - 0x00007ff965f2d000 	C:\Users\hydrl\.jdks\temurin-17.0.13\bin\msvcp140.dll
0x00007ff8a1ec0000 - 0x00007ff8a2b2b000 	C:\Users\hydrl\.jdks\temurin-17.0.13\bin\server\jvm.dll
0x00007ff98d140000 - 0x00007ff98d1f2000 	C:\Windows\System32\ADVAPI32.dll
0x00007ff98e100000 - 0x00007ff98e1a7000 	C:\Windows\System32\sechost.dll
0x00007ff98c050000 - 0x00007ff98c078000 	C:\Windows\System32\bcrypt.dll
0x00007ff98e350000 - 0x00007ff98e464000 	C:\Windows\System32\RPCRT4.dll
0x00007ff98d290000 - 0x00007ff98d301000 	C:\Windows\System32\WS2_32.dll
0x00007ff98aeb0000 - 0x00007ff98aefd000 	C:\Windows\SYSTEM32\POWRPROF.dll
0x00007ff9869d0000 - 0x00007ff986a04000 	C:\Windows\SYSTEM32\WINMM.dll
0x00007ff980490000 - 0x00007ff98049a000 	C:\Windows\SYSTEM32\VERSION.dll
0x00007ff98ae90000 - 0x00007ff98aea3000 	C:\Windows\SYSTEM32\UMPDC.dll
0x00007ff98b160000 - 0x00007ff98b178000 	C:\Windows\SYSTEM32\kernel.appcore.dll
0x00007ff984580000 - 0x00007ff98458a000 	C:\Users\hydrl\.jdks\temurin-17.0.13\bin\jimage.dll
0x00007ff97e100000 - 0x00007ff97e332000 	C:\Windows\SYSTEM32\DBGHELP.DLL
0x00007ff98cbe0000 - 0x00007ff98cf71000 	C:\Windows\System32\combase.dll
0x00007ff98ec70000 - 0x00007ff98ed47000 	C:\Windows\System32\OLEAUT32.dll
0x00007ff97e0c0000 - 0x00007ff97e0f2000 	C:\Windows\SYSTEM32\dbgcore.DLL
0x00007ff98c080000 - 0x00007ff98c0fb000 	C:\Windows\System32\bcryptPrimitives.dll
0x00007ff9830a0000 - 0x00007ff9830c5000 	C:\Users\hydrl\.jdks\temurin-17.0.13\bin\java.dll

dbghelp: loaded successfully - version: 4.0.5 - missing functions: none
symbol engine: initialized successfully - sym options: 0x614 - pdb path: .;C:\Users\hydrl\.jdks\temurin-17.0.13\bin;C:\Windows\SYSTEM32;C:\Windows\WinSxS\amd64_microsoft.windows.common-controls_6595b64144ccf1df_6.0.22621.4541_none_2710d1c57384c085;C:\Users\hydrl\.jdks\temurin-17.0.13\bin\server

VM Arguments:
jvm_args: -Dnet.bytebuddy.agent.attacher.dump= 
java_command: net.bytebuddy.agent.Attacher com.sun.tools.attach.VirtualMachine 21740 C:\Users\hydrl\.gradle\caches\modules-2\files-2.1\net.bytebuddy\byte-buddy-agent\1.15.11\a38b16385e867f59a641330f0362ebe742788ed8\byte-buddy-agent-1.15.11.jar false 
java_class_path (initial): C:\Users\hydrl\.gradle\caches\modules-2\files-2.1\net.bytebuddy\byte-buddy-agent\1.15.11\a38b16385e867f59a641330f0362ebe742788ed8\byte-buddy-agent-1.15.11.jar
Launcher Type: SUN_STANDARD

[Global flags]
     intx CICompilerCount                          = 12                                        {product} {ergonomic}
     uint ConcGCThreads                            = 3                                         {product} {ergonomic}
     uint G1ConcRefinementThreads                  = 13                                        {product} {ergonomic}
   size_t G1HeapRegionSize                         = 1048576                                   {product} {ergonomic}
    uintx GCDrainStackTargetSize                   = 64                                        {product} {ergonomic}
   size_t InitialHeapSize                          = 127926272                                 {product} {ergonomic}
   size_t MarkStackSize                            = 4194304                                   {product} {ergonomic}
   size_t MaxHeapSize                              = 2032140288                                {product} {ergonomic}
   size_t MinHeapDeltaBytes                        = 1048576                                   {product} {ergonomic}
   size_t MinHeapSize                              = 8388608                                   {product} {ergonomic}
    uintx NonNMethodCodeHeapSize                   = 7602480                                {pd product} {ergonomic}
    uintx NonProfiledCodeHeapSize                  = 122027880                              {pd product} {ergonomic}
    uintx ProfiledCodeHeapSize                     = 122027880                              {pd product} {ergonomic}
    uintx ReservedCodeCacheSize                    = 251658240                              {pd product} {ergonomic}
     bool SegmentedCodeCache                       = true                                      {product} {ergonomic}
   size_t SoftMaxHeapSize                          = 2032140288                             {manageable} {ergonomic}
     bool UseCompressedClassPointers               = true                           {product lp64_product} {ergonomic}
     bool UseCompressedOops                        = true                           {product lp64_product} {ergonomic}
     bool UseG1GC                                  = true                                      {product} {ergonomic}
     bool UseLargePagesIndividualAllocation        = false                                  {pd product} {ergonomic}

Logging:
Log output configuration:
 #0: stdout all=warning uptime,level,tags
 #1: stderr all=off uptime,level,tags

Environment Variables:
JAVA_HOME=C:\Users\hydrl\.jdks\temurin-17.0.13
PATH=C:\Users\hydrl\.jdks\temurin-17.0.13\bin;D:\oracle\dbhomeXE\bin;D:\oracle18.0\dbhomeXE\bin;C:\Windows\system32;C:\Windows;C:\Windows\System32\Wbem;C:\Windows\System32\WindowsPowerShell\v1.0\;C:\Windows\System32\OpenSSH\;D:\Bandizip\;D:\node\;D:\kdt\Git\cmd;D:\kdt\project;D:\kdt\python;C:\Program Files\Microsoft SQL Server\150\Tools\Binn;D:\oracle\oracle instant client
;D:\kdt\python\Scripts\;D:\kdt\python\;C:\Users\hydrl\AppData\Local\Programs\Python\Launcher\;C:\Users\hydrl\AppData\Local\Microsoft\WindowsApps;D:\Microsoft VS Code\bin;C:\Users\hydrl\AppData\Roaming\npm;D:\kdt\JetBrains\PyCharm Community Edition 2024.3\bin;
USERNAME=hydrl
OS=Windows_NT
PROCESSOR_IDENTIFIER=Intel64 Family 6 Model 186 Stepping 2, GenuineIntel
TMP=C:\Users\hydrl\AppData\Local\Temp
TEMP=C:\Users\hydrl\AppData\Local\Temp



Periodic native trim disabled


---------------  S Y S T E M  ---------------

OS:
 Windows 11 , 64 bit Build 22621 (10.0.22621.4391)
OS uptime: 1 days 8:27 hours
Hyper-V role detected

CPU: total 16 (initial active 16) (8 cores per cpu, 2 threads per core) family 6 model 186 stepping 2 microcode 0x410e, cx8, cmov, fxsr, ht, mmx, 3dnowpref, sse, sse2, sse3, ssse3, sse4.1, sse4.2, popcnt, lzcnt, tsc, tscinvbit, avx, avx2, aes, erms, clmul, bmi1, bmi2, adx, sha, fma, vzeroupper, clflush, clflushopt, clwb, hv
Processor Information for processor 0
  Max Mhz: 1900, Current Mhz: 1900, Mhz Limit: 1900
Processor Information for processor 1
  Max Mhz: 1900, Current Mhz: 1900, Mhz Limit: 1900
Processor Information for processor 2
  Max Mhz: 1900, Current Mhz: 1900, Mhz Limit: 1900
Processor Information for processor 3
  Max Mhz: 1900, Current Mhz: 1900, Mhz Limit: 1900
Processor Information for processor 4
  Max Mhz: 1900, Current Mhz: 1900, Mhz Limit: 1900
Processor Information for processor 5
  Max Mhz: 1900, Current Mhz: 1900, Mhz Limit: 1900
Processor Information for processor 6
  Max Mhz: 1900, Current Mhz: 1900, Mhz Limit: 1900
Processor Information for processor 7
  Max Mhz: 1900, Current Mhz: 1900, Mhz Limit: 1900
Processor Information for processor 8
  Max Mhz: 1900, Current Mhz: 1400, Mhz Limit: 1387
Processor Information for processor 9
  Max Mhz: 1900, Current Mhz: 1400, Mhz Limit: 1387
Processor Information for processor 10
  Max Mhz: 1900, Current Mhz: 1400, Mhz Limit: 1387
Processor Information for processor 11
  Max Mhz: 1900, Current Mhz: 1400, Mhz Limit: 1387
Processor Information for processor 12
  Max Mhz: 1900, Current Mhz: 1400, Mhz Limit: 1387
Processor Information for processor 13
  Max Mhz: 1900, Current Mhz: 1400, Mhz Limit: 1387
Processor Information for processor 14
  Max Mhz: 1900, Current Mhz: 1400, Mhz Limit: 1387
Processor Information for processor 15
  Max Mhz: 1900, Current Mhz: 1400, Mhz Limit: 1387

Memory: 4k page, system-wide physical 7751M (369M free)
TotalPageFile size 24594M (AvailPageFile size 8M)
current process WorkingSet (physical memory assigned to process): 11M, peak: 11M
current process commit charge ("private bytes"): 58M, peak: 59M

vm_info: OpenJDK 64-Bit Server VM (17.0.13+11) for windows-amd64 JRE (17.0.13+11), built on Oct 16 2024 00:10:08 by "admin" with MS VC++ 17.7 (VS2022)

END.
